<?xml version="1.0" encoding="UTF-8"?>
<!-- Generated by org.testng.reporters.JUnitReportReporter -->
<testsuite hostname="T490-PDOOLAPETA" failures="0" tests="1" name="test.trial" time="2.087" errors="0" timestamp="2020-07-23T17:36:08 EDT" skipped="0">
  <testcase classname="test.trial" name="Testlicence" time="2.087"/>
  <system-out/>
</testsuite> <!-- test.trial -->
