<?xml version="1.0" encoding="UTF-8"?>
<!-- Generated by org.testng.reporters.JUnitReportReporter -->
<testsuite hostname="T490-PDOOLAPETA" failures="0" tests="1" name="test.AddLicense" time="1.794" errors="0" timestamp="2020-07-05T09:33:33 EDT" skipped="0">
  <testcase classname="test.AddLicense" name="licenseexist" time="1.794"/>
  <system-out/>
</testsuite> <!-- test.AddLicense -->
