<?xml version="1.0" encoding="UTF-8"?>
<!-- Generated by org.testng.reporters.JUnitReportReporter -->
<testsuite hostname="T490-PDOOLAPETA" failures="0" tests="2" name="test.AddLicenceBatch" time="2.924" errors="0" timestamp="2020-07-20T20:49:23 EDT" skipped="0">
  <testcase classname="test.AddLicenceBatch" name="Batchlicence" time="1.599"/>
  <system-out/>
  <testcase classname="test.AddLicenceBatch" name="DuplicateLicence" time="1.325"/>
  <system-out/>
</testsuite> <!-- test.AddLicenceBatch -->
