<?xml version="1.0" encoding="UTF-8"?>
<!-- Generated by org.testng.reporters.JUnitReportReporter -->
<testsuite hostname="T490-PDOOLAPETA" failures="0" tests="2" name="test.GetLicence" time="1.398" errors="0" timestamp="2020-07-20T18:19:18 EDT" skipped="0">
  <testcase classname="test.GetLicence" name="getSingleLicenseGoodrequest" time="0.702"/>
  <system-out/>
  <testcase classname="test.GetLicence" name="getSingleLicenceBadrequest" time="0.696"/>
  <system-out/>
</testsuite> <!-- test.GetLicence -->
