<?xml version="1.0" encoding="UTF-8"?>
<!-- Generated by org.testng.reporters.JUnitReportReporter -->
<testsuite hostname="T490-PDOOLAPETA" failures="0" tests="1" name="test.AddLicenseBatch" time="2.410" errors="0" timestamp="2020-07-07T18:02:16 EDT" skipped="0">
  <testcase classname="test.AddLicenseBatch" name="Batchlicence" time="2.410"/>
  <system-out/>
</testsuite> <!-- test.AddLicenseBatch -->
