<?xml version="1.0" encoding="UTF-8"?>
<!-- Generated by org.testng.reporters.JUnitReportReporter -->
<testsuite hostname="T490-PDOOLAPETA" failures="0" tests="2" name="test.AddLicence" time="2.841" errors="0" timestamp="2020-07-23T17:37:09 EDT" skipped="0">
  <testcase classname="test.AddLicence" name="licensenew" time="2.065"/>
  <system-out/>
  <testcase classname="test.AddLicence" name="licenseexist" time="0.776"/>
  <system-out/>
</testsuite> <!-- test.AddLicence -->
