<?xml version="1.0" encoding="UTF-8"?>
<!-- Generated by org.testng.reporters.JUnitReportReporter -->
<testsuite hostname="T490-PDOOLAPETA" failures="0" tests="1" name="test.DeleteLicenceBatch" time="2.472" errors="0" timestamp="2020-07-20T16:52:46 EDT" skipped="0">
  <testcase classname="test.DeleteLicenceBatch" name="DeleteBatchLicense" time="2.472"/>
  <system-out/>
</testsuite> <!-- test.DeleteLicenceBatch -->
