<?xml version="1.0" encoding="UTF-8"?>
<!-- Generated by org.testng.reporters.JUnitReportReporter -->
<testsuite hostname="T490-PDOOLAPETA" failures="0" tests="1" name="test.DeleteLicence" time="1.968" errors="0" timestamp="2020-07-23T16:44:31 EDT" skipped="0">
  <testcase classname="test.DeleteLicence" name="DeleteSingleLicense" time="1.968"/>
  <system-out/>
</testsuite> <!-- test.DeleteLicence -->
