<?xml version="1.0" encoding="UTF-8"?>
<!-- Generated by org.testng.reporters.JUnitReportReporter -->
<testsuite hostname="T490-PDOOLAPETA" failures="0" tests="2" name="test.GetLicence" time="1.581" errors="0" timestamp="2020-07-20T20:49:23 EDT" skipped="0">
  <testcase classname="test.GetLicence" name="getSingleLicenseGoodrequest" time="0.785"/>
  <system-out/>
  <testcase classname="test.GetLicence" name="getSingleLicenceBadrequest" time="0.796"/>
  <system-out/>
</testsuite> <!-- test.GetLicence -->
