<?xml version="1.0" encoding="UTF-8"?>
<!-- Generated by org.testng.reporters.JUnitReportReporter -->
<testsuite hostname="T490-PDOOLAPETA" failures="0" tests="2" name="test.AddLicence" time="3.456" errors="0" timestamp="2020-07-20T18:19:18 EDT" skipped="0">
  <testcase classname="test.AddLicence" name="licensenew" time="2.126"/>
  <system-out/>
  <testcase classname="test.AddLicence" name="licenseexist" time="1.330"/>
  <system-out/>
</testsuite> <!-- test.AddLicence -->
