<?xml version="1.0" encoding="UTF-8"?>
<!-- Generated by org.testng.reporters.JUnitReportReporter -->
<testsuite hostname="T490-PDOOLAPETA" failures="0" tests="1" name="test.GetLicense" time="1.835" errors="0" timestamp="2020-07-05T09:06:05 EDT" skipped="0">
  <testcase classname="test.GetLicense" name="getSingleLicenseBadrequest" time="1.835"/>
  <system-out/>
</testsuite> <!-- test.GetLicense -->
