<?xml version="1.0" encoding="UTF-8"?>
<!-- Generated by org.testng.reporters.JUnitReportReporter -->
<testsuite hostname="T490-PDOOLAPETA" failures="0" tests="1" name="test.Licenses" time="3.913" errors="0" timestamp="2020-07-04T15:10:46 EDT" skipped="0">
  <testcase classname="test.Licenses" name="getSingleLicenseBadrequest" time="3.913"/>
  <system-out/>
</testsuite> <!-- test.Licenses -->
